Flow report for vga
Fri May 10 11:17:27 2019
Quartus II Version 7.1 Build 156 04/30/2007 SJ Web Edition


---------------------
; Table of Contents ;
---------------------
  1. Legal Notice
  2. Flow Summary
  3. Flow Settings
  4. Flow Non-Default Global Settings
  5. Flow Elapsed Time
  6. Flow Log



----------------
; Legal Notice ;
----------------
Copyright (C) 1991-2007 Altera Corporation
Your use of Altera Corporation's design tools, logic functions 
and other software and tools, and its AMPP partner logic 
functions, and any output files from any of the foregoing 
(including device programming or simulation files), and any 
associated documentation or information are expressly subject 
to the terms and conditions of the Altera Program License 
Subscription Agreement, Altera MegaCore Function License 
Agreement, or other applicable license agreement, including, 
without limitation, that your use is for the sole purpose of 
programming logic devices manufactured by Altera and sold by 
Altera or its authorized distributors.  Please refer to the 
applicable agreement for further details.



+------------------------------------------------------------------------------+
; Flow Summary                                                                 ;
+------------------------------------+-----------------------------------------+
; Flow Status                        ; Successful - Fri May 10 11:17:26 2019   ;
; Quartus II Version                 ; 7.1 Build 156 04/30/2007 SJ Web Edition ;
; Revision Name                      ; vga                                     ;
; Top-level Entity Name              ; vga_block                               ;
; Family                             ; Cyclone II                              ;
; Device                             ; EP2C35F672C6                            ;
; Timing Models                      ; Final                                   ;
; Met timing requirements            ; No                                      ;
; Total logic elements               ; 15,573 / 33,216 ( 47 % )                ;
;     Total combinational functions  ; 15,535 / 33,216 ( 47 % )                ;
;     Dedicated logic registers      ; 1,599 / 33,216 ( 5 % )                  ;
; Total registers                    ; 1599                                    ;
; Total pins                         ; 84 / 475 ( 18 % )                       ;
; Total virtual pins                 ; 0                                       ;
; Total memory bits                  ; 16,384 / 483,840 ( 3 % )                ;
; Embedded Multiplier 9-bit elements ; 70 / 70 ( 100 % )                       ;
; Total PLLs                         ; 1 / 4 ( 25 % )                          ;
+------------------------------------+-----------------------------------------+


+-----------------------------------------+
; Flow Settings                           ;
+-------------------+---------------------+
; Option            ; Setting             ;
+-------------------+---------------------+
; Start date & time ; 05/10/2019 11:13:17 ;
; Main task         ; Compilation         ;
; Revision Name     ; vga                 ;
+-------------------+---------------------+


+-------------------------------------------------------------------------------+
; Flow Non-Default Global Settings                                              ;
+------------------------+-----------+---------------+-------------+------------+
; Assignment Name        ; Value     ; Default Value ; Entity Name ; Section Id ;
+------------------------+-----------+---------------+-------------+------------+
; PARTITION_NETLIST_TYPE ; SOURCE    ; --            ; vga_block   ; Top        ;
; TOP_LEVEL_ENTITY       ; vga_block ; vga           ; --          ; --         ;
+------------------------+-----------+---------------+-------------+------------+


+----------------------------------------+
; Flow Elapsed Time                      ;
+-------------------------+--------------+
; Module Name             ; Elapsed Time ;
+-------------------------+--------------+
; Analysis & Synthesis    ; 00:01:23     ;
; Fitter                  ; 00:02:28     ;
; Assembler               ; 00:00:06     ;
; Classic Timing Analyzer ; 00:00:05     ;
; Total                   ; 00:04:02     ;
+-------------------------+--------------+


------------
; Flow Log ;
------------
quartus_map --read_settings_files=on --write_settings_files=off vga -c vga
quartus_fit --read_settings_files=off --write_settings_files=off vga -c vga
quartus_asm --read_settings_files=off --write_settings_files=off vga -c vga
quartus_tan --read_settings_files=off --write_settings_files=off vga -c vga --timing_analysis_only



